2023-07-02 13:33:12,318 INFO  [Log] ** 
2023-07-02 13:33:12,319 INFO  [Log] ** 
2023-07-02 13:33:12,321 INFO  [Log] $$$$$$$$$$$$$$$$$$$$$                 My batch 16 test case starts here       $$$$$$$$$$$$$$$$$$$$$$$$$ 
2023-07-02 13:33:12,321 INFO  [Log] ** 
2023-07-02 13:33:12,322 INFO  [Log] ** 
2023-07-02 13:39:57,073 INFO  [Log] ** 
2023-07-02 13:39:57,073 INFO  [Log] ** 
2023-07-02 13:39:57,075 INFO  [Log] $$$$$$$$$$$$$$$$$$$$$                 My batch 16 test case starts here       $$$$$$$$$$$$$$$$$$$$$$$$$ 
2023-07-02 13:39:57,075 INFO  [Log] ** 
2023-07-02 13:39:57,076 INFO  [Log] ** 
2023-07-02 13:39:57,248 INFO  [Log] username entered 
2023-07-02 13:39:57,363 INFO  [Log] password entered 
2023-07-02 14:05:26,902 INFO  [Log] ** 
2023-07-02 14:05:26,902 INFO  [Log] ** 
2023-07-02 14:05:26,904 INFO  [Log] $$$$$$$$$$$$$$$$$$$$$                 My batch 16 test case starts here       $$$$$$$$$$$$$$$$$$$$$$$$$ 
2023-07-02 14:05:26,904 INFO  [Log] ** 
2023-07-02 14:05:26,904 INFO  [Log] ** 
2023-07-02 14:05:27,100 INFO  [Log] username entered 
2023-07-02 14:05:27,228 INFO  [Log] password entered 
2023-07-06 10:57:21,147 INFO  [Log] ** 
2023-07-06 10:57:21,151 INFO  [Log] ** 
2023-07-06 10:57:21,151 INFO  [Log] $$$$$$$$$$$$$$$$$$$$$                 My batch 16 test case starts here       $$$$$$$$$$$$$$$$$$$$$$$$$ 
2023-07-06 10:57:21,151 INFO  [Log] ** 
2023-07-06 10:57:21,151 INFO  [Log] ** 
2023-07-06 10:57:21,439 INFO  [Log] username entered 
2023-07-06 10:57:21,608 INFO  [Log] password entered 
2023-07-06 11:49:13,252 INFO  [Log] ** 
2023-07-06 11:49:13,252 INFO  [Log] ** 
2023-07-06 11:49:13,255 INFO  [Log] $$$$$$$$$$$$$$$$$$$$$                 My batch 16 test case starts here       $$$$$$$$$$$$$$$$$$$$$$$$$ 
2023-07-06 11:49:13,255 INFO  [Log] ** 
2023-07-06 11:49:13,256 INFO  [Log] ** 
2023-07-06 11:49:13,489 INFO  [Log] username entered 
2023-07-06 11:49:13,654 INFO  [Log] password entered 
2023-07-06 11:54:51,938 INFO  [Log] ** 
2023-07-06 11:54:51,940 INFO  [Log] ** 
2023-07-06 11:54:51,943 INFO  [Log] $$$$$$$$$$$$$$$$$$$$$                 My batch 16 test case starts here       $$$$$$$$$$$$$$$$$$$$$$$$$ 
2023-07-06 11:54:51,943 INFO  [Log] ** 
2023-07-06 11:54:51,943 INFO  [Log] ** 
2023-07-06 11:54:52,127 INFO  [Log] username entered 
2023-07-06 11:54:52,259 INFO  [Log] password entered 
2023-07-26 21:34:37,660 INFO  [Log] ** 
2023-07-26 21:34:37,660 INFO  [Log] ** 
2023-07-26 21:34:37,662 INFO  [Log] $$$$$$$$$$$$$$$$$$$$$                 My batch 16 test case starts here       $$$$$$$$$$$$$$$$$$$$$$$$$ 
2023-07-26 21:34:37,662 INFO  [Log] ** 
2023-07-26 21:34:37,662 INFO  [Log] ** 
2023-07-26 21:34:37,830 INFO  [Log] username entered 
2023-07-26 21:34:37,953 INFO  [Log] password entered 
2023-07-26 21:43:20,603 INFO  [Log] ** 
2023-07-26 21:43:20,603 INFO  [Log] ** 
2023-07-26 21:43:20,604 INFO  [Log] $$$$$$$$$$$$$$$$$$$$$                 My batch 16 test case starts here       $$$$$$$$$$$$$$$$$$$$$$$$$ 
2023-07-26 21:43:20,606 INFO  [Log] ** 
2023-07-26 21:43:20,606 INFO  [Log] ** 
2023-07-26 21:43:20,790 INFO  [Log] username entered 
2023-07-26 21:43:20,943 INFO  [Log] password entered 
2023-07-27 00:04:18,197 INFO  [Log] ** 
2023-07-27 00:04:18,197 INFO  [Log] ** 
2023-07-27 00:04:18,201 INFO  [Log] $$$$$$$$$$$$$$$$$$$$$                 My batch 16 test case starts here       $$$$$$$$$$$$$$$$$$$$$$$$$ 
2023-07-27 00:04:18,201 INFO  [Log] ** 
2023-07-27 00:04:18,201 INFO  [Log] ** 
2023-07-27 00:04:18,445 INFO  [Log] username entered 
2023-07-27 00:04:18,611 INFO  [Log] password entered 
2023-07-27 00:07:50,797 INFO  [Log] ** 
2023-07-27 00:07:50,797 INFO  [Log] ** 
2023-07-27 00:07:50,797 INFO  [Log] $$$$$$$$$$$$$$$$$$$$$                 My batch 16 test case starts here       $$$$$$$$$$$$$$$$$$$$$$$$$ 
2023-07-27 00:07:50,797 INFO  [Log] ** 
2023-07-27 00:07:50,797 INFO  [Log] ** 
2023-07-27 00:07:51,036 INFO  [Log] username entered 
2023-07-27 00:07:51,199 INFO  [Log] password entered 
2023-07-27 00:24:09,122 INFO  [Log] ** 
2023-07-27 00:24:09,124 INFO  [Log] ** 
2023-07-27 00:24:09,129 INFO  [Log] $$$$$$$$$$$$$$$$$$$$$                 My batch 16 test case starts here       $$$$$$$$$$$$$$$$$$$$$$$$$ 
2023-07-27 00:24:09,129 INFO  [Log] ** 
2023-07-27 00:24:09,129 INFO  [Log] ** 
2023-07-27 00:24:09,375 INFO  [Log] username entered 
2023-07-27 00:24:09,520 INFO  [Log] password entered 
2023-07-27 00:27:42,005 INFO  [Log] ** 
2023-07-27 00:27:42,005 INFO  [Log] ** 
2023-07-27 00:27:42,005 INFO  [Log] $$$$$$$$$$$$$$$$$$$$$                 My batch 16 test case starts here       $$$$$$$$$$$$$$$$$$$$$$$$$ 
2023-07-27 00:27:42,005 INFO  [Log] ** 
2023-07-27 00:27:42,005 INFO  [Log] ** 
2023-07-27 00:27:42,245 INFO  [Log] username entered 
2023-07-27 00:27:42,405 INFO  [Log] password entered 
2023-07-27 00:30:27,362 INFO  [Log] ** 
2023-07-27 00:30:27,362 INFO  [Log] ** 
2023-07-27 00:30:27,362 INFO  [Log] $$$$$$$$$$$$$$$$$$$$$                 My batch 16 test case starts here       $$$$$$$$$$$$$$$$$$$$$$$$$ 
2023-07-27 00:30:27,362 INFO  [Log] ** 
2023-07-27 00:30:27,362 INFO  [Log] ** 
2023-07-27 00:30:27,602 INFO  [Log] username entered 
2023-07-27 00:30:27,761 INFO  [Log] password entered 
2023-07-27 00:37:03,593 INFO  [Log] ** 
2023-07-27 00:37:03,593 INFO  [Log] ** 
2023-07-27 00:37:03,593 INFO  [Log] $$$$$$$$$$$$$$$$$$$$$                 My batch 16 test case starts here       $$$$$$$$$$$$$$$$$$$$$$$$$ 
2023-07-27 00:37:03,593 INFO  [Log] ** 
2023-07-27 00:37:03,593 INFO  [Log] ** 
2023-07-27 00:37:03,805 INFO  [Log] username entered 
2023-07-27 00:37:04,005 INFO  [Log] password entered 
2023-07-27 00:54:14,358 INFO  [Log] ** 
2023-07-27 00:54:14,359 INFO  [Log] ** 
2023-07-27 00:54:14,362 INFO  [Log] $$$$$$$$$$$$$$$$$$$$$                 My batch 16 test case starts here       $$$$$$$$$$$$$$$$$$$$$$$$$ 
2023-07-27 00:54:14,362 INFO  [Log] ** 
2023-07-27 00:54:14,362 INFO  [Log] ** 
2023-07-27 00:54:14,580 INFO  [Log] username entered 
2023-07-27 00:54:14,703 INFO  [Log] password entered 
2023-07-27 01:03:51,229 INFO  [Log] ** 
2023-07-27 01:03:51,229 INFO  [Log] ** 
2023-07-27 01:03:51,229 INFO  [Log] $$$$$$$$$$$$$$$$$$$$$                 My batch 16 test case starts here       $$$$$$$$$$$$$$$$$$$$$$$$$ 
2023-07-27 01:03:51,229 INFO  [Log] ** 
2023-07-27 01:03:51,229 INFO  [Log] ** 
2023-07-27 01:03:51,429 INFO  [Log] username entered 
2023-07-27 01:03:51,511 INFO  [Log] password entered 
2023-07-27 01:15:52,684 INFO  [Log] ** 
2023-07-27 01:15:52,684 INFO  [Log] ** 
2023-07-27 01:15:52,684 INFO  [Log] $$$$$$$$$$$$$$$$$$$$$                 My batch 16 test case starts here       $$$$$$$$$$$$$$$$$$$$$$$$$ 
2023-07-27 01:15:52,684 INFO  [Log] ** 
2023-07-27 01:15:52,684 INFO  [Log] ** 
2023-07-27 01:15:52,890 INFO  [Log] username entered 
2023-07-27 01:15:53,001 INFO  [Log] password entered 
2023-07-27 01:20:35,119 INFO  [Log] ** 
2023-07-27 01:20:35,119 INFO  [Log] ** 
2023-07-27 01:20:35,121 INFO  [Log] $$$$$$$$$$$$$$$$$$$$$                 My batch 16 test case starts here       $$$$$$$$$$$$$$$$$$$$$$$$$ 
2023-07-27 01:20:35,121 INFO  [Log] ** 
2023-07-27 01:20:35,121 INFO  [Log] ** 
2023-07-27 01:20:35,305 INFO  [Log] username entered 
2023-07-27 01:20:35,383 INFO  [Log] password entered 
2023-07-27 01:26:35,413 INFO  [Log] ** 
2023-07-27 01:26:35,413 INFO  [Log] ** 
2023-07-27 01:26:35,428 INFO  [Log] $$$$$$$$$$$$$$$$$$$$$                 My batch 16 test case starts here       $$$$$$$$$$$$$$$$$$$$$$$$$ 
2023-07-27 01:26:35,428 INFO  [Log] ** 
2023-07-27 01:26:35,428 INFO  [Log] ** 
2023-07-27 01:26:35,616 INFO  [Log] username entered 
2023-07-27 01:26:35,696 INFO  [Log] password entered 
2023-07-27 01:32:14,723 INFO  [Log] ** 
2023-07-27 01:32:14,724 INFO  [Log] ** 
2023-07-27 01:32:14,726 INFO  [Log] $$$$$$$$$$$$$$$$$$$$$                 My batch 16 test case starts here       $$$$$$$$$$$$$$$$$$$$$$$$$ 
2023-07-27 01:32:14,726 INFO  [Log] ** 
2023-07-27 01:32:14,726 INFO  [Log] ** 
2023-07-27 01:32:14,911 INFO  [Log] username entered 
2023-07-27 01:32:15,043 INFO  [Log] password entered 
2023-07-27 01:37:39,990 INFO  [Log] ** 
2023-07-27 01:37:39,990 INFO  [Log] ** 
2023-07-27 01:37:39,992 INFO  [Log] $$$$$$$$$$$$$$$$$$$$$                 My batch 16 test case starts here       $$$$$$$$$$$$$$$$$$$$$$$$$ 
2023-07-27 01:37:39,992 INFO  [Log] ** 
2023-07-27 01:37:39,992 INFO  [Log] ** 
2023-07-27 01:37:40,176 INFO  [Log] username entered 
2023-07-27 01:37:40,267 INFO  [Log] password entered 
2023-07-27 10:25:13,900 INFO  [Log] ** 
2023-07-27 10:25:13,901 INFO  [Log] ** 
2023-07-27 10:25:13,901 INFO  [Log] $$$$$$$$$$$$$$$$$$$$$                 My batch 16 test case starts here       $$$$$$$$$$$$$$$$$$$$$$$$$ 
2023-07-27 10:25:13,901 INFO  [Log] ** 
2023-07-27 10:25:13,901 INFO  [Log] ** 
2023-07-27 10:25:14,137 INFO  [Log] username entered 
2023-07-27 10:25:14,293 INFO  [Log] password entered 
2023-07-27 10:27:00,078 INFO  [Log] ** 
2023-07-27 10:27:00,079 INFO  [Log] ** 
2023-07-27 10:27:00,082 INFO  [Log] $$$$$$$$$$$$$$$$$$$$$                 My batch 16 test case starts here       $$$$$$$$$$$$$$$$$$$$$$$$$ 
2023-07-27 10:27:00,082 INFO  [Log] ** 
2023-07-27 10:27:00,082 INFO  [Log] ** 
2023-07-27 10:27:00,349 INFO  [Log] username entered 
2023-07-27 10:27:00,532 INFO  [Log] password entered 
2023-07-27 10:43:09,851 INFO  [Log] ** 
2023-07-27 10:43:09,852 INFO  [Log] ** 
2023-07-27 10:43:09,855 INFO  [Log] $$$$$$$$$$$$$$$$$$$$$                 My batch 16 test case starts here       $$$$$$$$$$$$$$$$$$$$$$$$$ 
2023-07-27 10:43:09,855 INFO  [Log] ** 
2023-07-27 10:43:09,855 INFO  [Log] ** 
2023-07-27 10:43:10,085 INFO  [Log] username entered 
2023-07-27 10:43:10,249 INFO  [Log] password entered 
2023-07-27 10:54:03,611 INFO  [Log] ** 
2023-07-27 10:54:03,612 INFO  [Log] ** 
2023-07-27 10:54:03,615 INFO  [Log] $$$$$$$$$$$$$$$$$$$$$                 My batch 16 test case starts here       $$$$$$$$$$$$$$$$$$$$$$$$$ 
2023-07-27 10:54:03,617 INFO  [Log] ** 
2023-07-27 10:54:03,617 INFO  [Log] ** 
2023-07-27 10:54:03,831 INFO  [Log] username entered 
2023-07-27 10:54:04,008 INFO  [Log] password entered 
2023-07-27 10:58:30,258 INFO  [Log] ** 
2023-07-27 10:58:30,258 INFO  [Log] ** 
2023-07-27 10:58:30,262 INFO  [Log] $$$$$$$$$$$$$$$$$$$$$                 My batch 16 test case starts here       $$$$$$$$$$$$$$$$$$$$$$$$$ 
2023-07-27 10:58:30,263 INFO  [Log] ** 
2023-07-27 10:58:30,263 INFO  [Log] ** 
2023-07-27 10:58:30,465 INFO  [Log] username entered 
2023-07-27 10:58:30,625 INFO  [Log] password entered 
2023-07-27 10:58:50,113 INFO  [Log] FirstName 
2023-07-27 11:04:41,393 INFO  [Log] ** 
2023-07-27 11:04:41,394 INFO  [Log] ** 
2023-07-27 11:04:41,397 INFO  [Log] $$$$$$$$$$$$$$$$$$$$$                 My batch 16 test case starts here       $$$$$$$$$$$$$$$$$$$$$$$$$ 
2023-07-27 11:04:41,398 INFO  [Log] ** 
2023-07-27 11:04:41,398 INFO  [Log] ** 
2023-07-27 11:04:41,618 INFO  [Log] username entered 
2023-07-27 11:04:41,779 INFO  [Log] password entered 
2023-07-27 11:05:06,646 INFO  [Log] FirstName 
2023-07-27 11:12:38,305 INFO  [Log] ** 
2023-07-27 11:12:38,306 INFO  [Log] ** 
2023-07-27 11:12:38,309 INFO  [Log] $$$$$$$$$$$$$$$$$$$$$                 My batch 16 test case starts here       $$$$$$$$$$$$$$$$$$$$$$$$$ 
2023-07-27 11:12:38,309 INFO  [Log] ** 
2023-07-27 11:12:38,309 INFO  [Log] ** 
2023-07-27 11:12:38,540 INFO  [Log] username entered 
2023-07-27 11:12:38,681 INFO  [Log] password entered 
2023-07-27 11:13:02,923 INFO  [Log] FirstName 
2023-07-27 11:14:34,391 INFO  [Log] ** 
2023-07-27 11:14:34,392 INFO  [Log] ** 
2023-07-27 11:14:34,396 INFO  [Log] $$$$$$$$$$$$$$$$$$$$$                 My batch 16 test case starts here       $$$$$$$$$$$$$$$$$$$$$$$$$ 
2023-07-27 11:14:34,396 INFO  [Log] ** 
2023-07-27 11:14:34,396 INFO  [Log] ** 
2023-07-27 11:14:34,660 INFO  [Log] username entered 
2023-07-27 11:14:34,869 INFO  [Log] password entered 
2023-07-27 11:14:58,000 INFO  [Log] FirstName 
